// 同步 ID: ece11b58 @ Wed Jul  1 00:07:29 UTC 2026
// 同步 ID: 7bf436d6 @ Fri Jul  3 08:53:59 UTC 2026
// 重构日志: d63a4974
// 重构日志: 568b6828
// 重构日志: e7f2f925
// 重构日志: cf797388
// 同步 ID: ff00c395 @ Tue Jul 14 13:00:55 UTC 2026
// 重构日志: 9e98727e
// 同步 ID: 9a76d32d @ Wed Jul 15 13:26:59 UTC 2026
// 同步 ID: 0b5ba34f @ Thu Jul 16 12:17:07 UTC 2026
// 同步 ID: e5546550 @ Fri Jul 17 16:14:50 UTC 2026
// 同步 ID: 4492a456 @ Sat Jul 18 07:25:45 UTC 2026
// 重构日志: 7bef5155
// 重构日志: 98d2dd10
// 重构日志: 687b2ab2
// 重构日志: fe0df38e
// 重构日志: 5359ea73
// 重构日志: c85a6039
// 同步 ID: c2fd2ae2 @ Thu Jul 23 15:19:24 UTC 2026
// 同步 ID: 09319c9a @ Fri Jul 24 01:11:27 UTC 2026
// 同步 ID: 95e00d1c @ Fri Jul 24 04:13:53 UTC 2026
// 重构日志: 54af974f
// 同步 ID: ae3c3284 @ Fri Jul 24 14:57:45 UTC 2026
